e:\课程\c++\下学期\c++\cpp_experiment\实验内容\sy5_继承的应用_4_book\x64\debug\vc143.pdb
e:\课程\c++\下学期\c++\cpp_experiment\实验内容\sy5_继承的应用_4_book\x64\debug\vc143.idb
e:\课程\c++\下学期\c++\cpp_experiment\实验内容\sy5_继承的应用_4_book\x64\debug\periodicalslist.obj
e:\课程\c++\下学期\c++\cpp_experiment\实验内容\sy5_继承的应用_4_book\x64\debug\periodicals.obj
e:\课程\c++\下学期\c++\cpp_experiment\实验内容\sy5_继承的应用_4_book\x64\debug\main2.obj
e:\课程\c++\下学期\c++\cpp_experiment\实验内容\sy5_继承的应用_4_book\x64\debug\main.obj
e:\课程\c++\下学期\c++\cpp_experiment\实验内容\sy5_继承的应用_4_book\x64\debug\bookelist.obj
e:\课程\c++\下学期\c++\cpp_experiment\实验内容\sy5_继承的应用_4_book\x64\debug\booke.obj
e:\课程\c++\下学期\c++\cpp_experiment\实验内容\sy5_继承的应用_4_book\x64\debug\book.obj
e:\课程\c++\下学期\c++\cpp_experiment\实验内容\cpp_experiment\x64\debug\sy5_继承的应用_4_book.pdb
e:\课程\c++\下学期\c++\cpp_experiment\实验内容\sy5_继承的应用_4_book\x64\debug\sy5_继承的应用_4_book.tlog\cl.command.1.tlog
e:\课程\c++\下学期\c++\cpp_experiment\实验内容\sy5_继承的应用_4_book\x64\debug\sy5_继承的应用_4_book.tlog\cl.read.1.tlog
e:\课程\c++\下学期\c++\cpp_experiment\实验内容\sy5_继承的应用_4_book\x64\debug\sy5_继承的应用_4_book.tlog\cl.write.1.tlog
e:\课程\c++\下学期\c++\cpp_experiment\实验内容\sy5_继承的应用_4_book\x64\debug\sy5_继承的应用_4_book.tlog\link-cvtres.read.1.tlog
e:\课程\c++\下学期\c++\cpp_experiment\实验内容\sy5_继承的应用_4_book\x64\debug\sy5_继承的应用_4_book.tlog\link-cvtres.write.1.tlog
e:\课程\c++\下学期\c++\cpp_experiment\实验内容\sy5_继承的应用_4_book\x64\debug\sy5_继承的应用_4_book.tlog\link-rc.read.1.tlog
e:\课程\c++\下学期\c++\cpp_experiment\实验内容\sy5_继承的应用_4_book\x64\debug\sy5_继承的应用_4_book.tlog\link-rc.write.1.tlog
e:\课程\c++\下学期\c++\cpp_experiment\实验内容\sy5_继承的应用_4_book\x64\debug\sy5_继承的应用_4_book.tlog\link.command.1.tlog
e:\课程\c++\下学期\c++\cpp_experiment\实验内容\sy5_继承的应用_4_book\x64\debug\sy5_继承的应用_4_book.tlog\link.read.1.tlog
e:\课程\c++\下学期\c++\cpp_experiment\实验内容\sy5_继承的应用_4_book\x64\debug\sy5_继承的应用_4_book.tlog\link.read.2.tlog
e:\课程\c++\下学期\c++\cpp_experiment\实验内容\sy5_继承的应用_4_book\x64\debug\sy5_继承的应用_4_book.tlog\link.write.1.tlog
